<?xml version="1.0" encoding="UTF-8"?>
<!-- Generated by org.testng.reporters.JUnitReportReporter -->
<testsuite hostname="LAPTOP-BQQB9QNF" failures="0" tests="1" name="kakl.testkaka" time="7.181" errors="0" timestamp="2024-11-02T16:21:55 IST" skipped="0">
  <testcase classname="kakl.testkaka" name="test01" time="7.181"/>
  <system-out/>
</testsuite> <!-- kakl.testkaka -->
