<?xml version="1.0" encoding="UTF-8"?>
<!-- Generated by org.testng.reporters.JUnitReportReporter -->
<testsuite hostname="LAPTOP-BQQB9QNF" failures="0" tests="2" name="MyTestNG.MyTestNG2" time="0.000" errors="0" timestamp="2024-11-02T16:21:55 IST" skipped="0">
  <testcase classname="MyTestNG.MyTestNG2" name="test02" time="0.000"/>
  <system-out/>
  <testcase classname="MyTestNG.MyTestNG2" name="test01" time="0.000"/>
  <system-out/>
</testsuite> <!-- MyTestNG.MyTestNG2 -->
