<?xml version="1.0" encoding="UTF-8"?>
<!-- Generated by org.testng.reporters.JUnitReportReporter -->
<testsuite hostname="LAPTOP-BQQB9QNF" failures="0" tests="2" name="MyTestNG.MyTestNG1" time="0.076" errors="0" timestamp="2024-11-02T16:21:55 IST" skipped="0">
  <testcase classname="MyTestNG.MyTestNG1" name="test01" time="0.064"/>
  <system-out/>
  <testcase classname="MyTestNG.MyTestNG1" name="test02" time="0.012"/>
  <system-out/>
</testsuite> <!-- MyTestNG.MyTestNG1 -->
