<?xml version="1.0" encoding="UTF-8"?>
<!-- Generated by org.testng.reporters.JUnitReportReporter -->
<testsuite hostname="LAPTOP-BQQB9QNF" failures="0" tests="3" name="Lesson15.TestPizzaOrder" time="0.913" errors="0" timestamp="2024-11-02T16:21:55 IST" skipped="0">
  <testcase classname="Lesson15.TestPizzaOrder" name="test02VerifyPriceWithDelivery" time="0.247"/>
  <system-out/>
  <testcase classname="Lesson15.TestPizzaOrder" name="test03VerifyCoupon" time="0.595"/>
  <system-out/>
  <testcase classname="Lesson15.TestPizzaOrder" name="test01VerifyInitialPrice" time="0.071"/>
  <system-out/>
</testsuite> <!-- Lesson15.TestPizzaOrder -->
