<?xml version="1.0" encoding="UTF-8"?>
<!-- Generated by org.testng.reporters.JUnitReportReporter -->
<testsuite hostname="LAPTOP-BQQB9QNF" failures="0" tests="4" name="SauceDemo.TestMainPage" time="2.372" errors="0" timestamp="2024-11-02T16:21:55 IST" skipped="0">
  <testcase classname="SauceDemo.TestMainPage" name="titleofthepage" time="0.013"/>
  <system-out/>
  <testcase classname="SauceDemo.TestMainPage" name="logintosite" time="0.494"/>
  <system-out/>
  <testcase classname="SauceDemo.TestMainPage" name="productspage" time="1.267"/>
  <system-out/>
  <testcase classname="SauceDemo.TestMainPage" name="checkoutpage" time="0.598"/>
  <system-out/>
</testsuite> <!-- SauceDemo.TestMainPage -->
